<?xml version="1.0" encoding="UTF-8"?>
<testsuite name="edu.touro.mco152.bm.DiskRunTest" tests="1" skipped="0" failures="0" errors="0" timestamp="2019-09-25T22:07:28" hostname="DESKTOP-TRSG30L" time="0.028">
  <properties/>
  <testcase name="setGetBlockSizeTest()" classname="edu.touro.mco152.bm.DiskRunTest" time="0.028"/>
  <system-out><![CDATA[]]></system-out>
  <system-err><![CDATA[]]></system-err>
</testsuite>
