<?xml version="1.0" encoding="UTF-8"?>
<testsuite name="edu.touro.mco152.bm.DiskRunTest" tests="2" skipped="0" failures="0" errors="0" timestamp="2019-09-23T17:08:23" hostname="DESKTOP-TRSG30L" time="0.025">
  <properties/>
  <testcase name="setGetBlockSizeTest()" classname="edu.touro.mco152.bm.DiskRunTest" time="0.023"/>
  <testcase name="setGetNumBlocksTest()" classname="edu.touro.mco152.bm.DiskRunTest" time="0.001"/>
  <system-out><![CDATA[]]></system-out>
  <system-err><![CDATA[]]></system-err>
</testsuite>
